<?xml version="1.0" encoding="UTF-8"?>
<!-- Generated by org.testng.reporters.JUnitXMLReporter -->
<testsuite ignored="0" hostname="LAPTOP-V71J6OVG" failures="1" tests="3" name="Surefire test" time="6.173" errors="0" timestamp="27 Jun 2021 06:33:43 GMT">
  <testcase classname="HomeTest" name="tast2" time="0.005">
    <failure type="java.lang.AssertionError" message="expected [true] but found [false]">
      <![CDATA[java.lang.AssertionError: expected [true] but found [false]
at HomeTest.tast2(HomeTest.java:19)
... Removed 36 stack frames]]>
    </failure>
  </testcase> <!-- tast2 -->
  <testcase classname="HomeTest" name="test1" time="0.0"/>
  <testcase classname="SignInTest" name="verifyTitleOfSignUpPage" time="0.011"/>
</testsuite> <!-- Surefire test -->
